<?xml version="1.0" encoding="UTF-8"?>
<!-- Generated by org.testng.reporters.JUnitXMLReporter -->
<testsuite hostname="gadiraju" name="Test1" tests="3" failures="0" timestamp="6 May 2018 18:36:12 GMT" time="0.228" errors="0">
  <testcase name="doCalcTest1" time="0.049" classname="com.test.CalculatorTest"/>
  <testcase name="doCalcTest1" time="0.005" classname="com.test.CalculatorTest"/>
  <testcase name="doCalcTest1" time="0.007" classname="com.test.CalculatorTest"/>
</testsuite> <!-- Test1 -->
