<?xml version="1.0" encoding="UTF-8"?>
<!-- Generated by org.testng.reporters.JUnitXMLReporter -->
<testsuite hostname="gadiraju" name="Test2" tests="5" failures="0" timestamp="8 May 2018 00:27:35 GMT" time="0.238" errors="0">
  <testcase name="isPrime1" time="0.065" classname="com.test.PrimeNumberTest"/>
  <testcase name="isPrime2" time="0.007" classname="com.test.PrimeNumberTest"/>
  <testcase name="isPrime3" time="0.007" classname="com.test.PrimeNumberTest"/>
  <testcase name="isPrime4" time="0.002" classname="com.test.PrimeNumberTest"/>
  <testcase name="isPrime5" time="0.004" classname="com.test.PrimeNumberTest"/>
</testsuite> <!-- Test2 -->
